e:\mygame\scp-cb-new-engine\scp-containment breach\x64\debug\vc142.pdb
e:\mygame\scp-cb-new-engine\scp-containment breach\x64\debug\vc142.idb
e:\mygame\scp-cb-new-engine\scp-containment breach\x64\debug\text.obj
e:\mygame\scp-cb-new-engine\scp-containment breach\x64\debug\image.obj
e:\mygame\scp-cb-new-engine\scp-containment breach\x64\debug\main.obj
e:\mygame\scp-cb-new-engine\scp-containment breach\x64\debug\scp-containment breach.exe
e:\mygame\scp-cb-new-engine\scp-containment breach\x64\debug\scp-containment breach.ilk
e:\mygame\scp-cb-new-engine\scp-containment breach\x64\debug\scp-containment breach.pdb
e:\mygame\scp-cb-new-engine\scp-containment breach\x64\debug\scp-containment breach.res
e:\mygame\scp-cb-new-engine\scp-containment breach\x64\debug\scp-containment breach.lib
e:\mygame\scp-cb-new-engine\scp-containment breach\x64\debug\scp-containment breach.exp
e:\mygame\scp-cb-new-engine\scp-containment breach\x64\debug\scp-cont.5985af49.tlog\cl.command.1.tlog
e:\mygame\scp-cb-new-engine\scp-containment breach\x64\debug\scp-cont.5985af49.tlog\cl.read.1.tlog
e:\mygame\scp-cb-new-engine\scp-containment breach\x64\debug\scp-cont.5985af49.tlog\cl.write.1.tlog
e:\mygame\scp-cb-new-engine\scp-containment breach\x64\debug\scp-cont.5985af49.tlog\link.command.1.tlog
e:\mygame\scp-cb-new-engine\scp-containment breach\x64\debug\scp-cont.5985af49.tlog\link.read.1.tlog
e:\mygame\scp-cb-new-engine\scp-containment breach\x64\debug\scp-cont.5985af49.tlog\link.write.1.tlog
e:\mygame\scp-cb-new-engine\scp-containment breach\x64\debug\scp-cont.5985af49.tlog\rc.command.1.tlog
e:\mygame\scp-cb-new-engine\scp-containment breach\x64\debug\scp-cont.5985af49.tlog\rc.read.1.tlog
e:\mygame\scp-cb-new-engine\scp-containment breach\x64\debug\scp-cont.5985af49.tlog\rc.write.1.tlog
e:\mygame\scp-cb-new-engine\scp-containment breach\x64\debug\scp-cont.5985af49.tlog\scp-containment breach.write.1u.tlog
